#
# There is insufficient memory for the Java Runtime Environment to continue.
# Native memory allocation (malloc) failed to allocate 1181696 bytes for Chunk::new
# Possible reasons:
#   The system is out of physical RAM or swap space
#   The process is running with CompressedOops enabled, and the Java Heap may be blocking the growth of the native heap
# Possible solutions:
#   Reduce memory load on the system
#   Increase physical memory or swap space
#   Check if swap backing store is full
#   Decrease Java heap size (-Xmx/-Xms)
#   Decrease number of Java threads
#   Decrease Java thread stack sizes (-Xss)
#   Set larger code cache with -XX:ReservedCodeCacheSize=
#   JVM is running with Unscaled Compressed Oops mode in which the Java heap is
#     placed in the first 4GB address space. The Java Heap base address is the
#     maximum limit for the native heap growth. Please use -XX:HeapBaseMinAddress
#     to set the Java Heap base and to place the Java Heap above 4GB virtual address.
# This output file may be truncated or incomplete.
#
#  Out of Memory Error (arena.cpp:184), pid=12128, tid=13012
#
# JRE version: Java(TM) SE Runtime Environment (19.0.2+7) (build 19.0.2+7-44)
# Java VM: Java HotSpot(TM) 64-Bit Server VM (19.0.2+7-44, mixed mode, sharing, tiered, compressed oops, compressed class ptrs, g1 gc, windows-amd64)
# No core dump will be written. Minidumps are not enabled by default on client versions of Windows
#

---------------  S U M M A R Y ------------

Command Line: -javaagent:C:\Program Files\JetBrains\IntelliJ IDEA Community Edition 2023.1\lib\idea_rt.jar=12736:C:\Program Files\JetBrains\IntelliJ IDEA Community Edition 2023.1\bin -Dfile.encoding=UTF-8 -Dsun.stdout.encoding=UTF-8 -Dsun.stderr.encoding=UTF-8 --module-path=C:\Users\Administrator\.m2\repository\org\openjfx\javafx-controls\19\javafx-controls-19-win.jar;C:\Users\Administrator\.m2\repository\org\openjfx\javafx-graphics\19\javafx-graphics-19-win.jar;C:\Users\Administrator\.m2\repository\org\openjfx\javafx-fxml\19\javafx-fxml-19-win.jar;C:\Users\Administrator\.m2\repository\org\openjfx\javafx-base\19\javafx-base-19-win.jar;D:\java application\demo\target\classes -Djdk.module.main=com.example.demo com.example.demo/com.example.demo.App

Host: Intel(R) Core(TM) i5-6400 CPU @ 2.70GHz, 4 cores, 7G,  Windows 10 , 64 bit Build 19041 (10.0.19041.2788)
Time: Wed Apr 19 18:22:46 2023 Egypt Standard Time elapsed time: 0.264818 seconds (0d 0h 0m 0s)

---------------  T H R E A D  ---------------

Current thread (0x000002b85f1586d0):  JavaThread "C2 CompilerThread0" daemon [_thread_in_native, id=13012, stack(0x000000fc03900000,0x000000fc03a00000)]


Current CompileTask:
C2:    264  243       4       java.util.stream.ReferencePipeline$3$1::accept (23 bytes)

Stack: [0x000000fc03900000,0x000000fc03a00000]
Native frames: (J=compiled Java code, j=interpreted, Vv=VM code, C=native code)
V  [jvm.dll+0x6ee21a]
V  [jvm.dll+0x85765e]
V  [jvm.dll+0x85904e]
V  [jvm.dll+0x859703]
V  [jvm.dll+0x28298f]
V  [jvm.dll+0xc9adf]
V  [jvm.dll+0xc9e65]
V  [jvm.dll+0x2f7caf]
V  [jvm.dll+0x5f076b]
V  [jvm.dll+0x25590c]
V  [jvm.dll+0x24e1a7]
V  [jvm.dll+0x24b673]
V  [jvm.dll+0x1d6ce1]
V  [jvm.dll+0x25b25a]
V  [jvm.dll+0x2596e8]
V  [jvm.dll+0x807588]
V  [jvm.dll+0x80125a]
V  [jvm.dll+0x6ecf0b]
C  [ucrtbase.dll+0x21bb2]
C  [KERNEL32.DLL+0x17604]
C  [ntdll.dll+0x526a1]


---------------  P R O C E S S  ---------------

Threads class SMR info:
_java_thread_list=0x000002b864056ef0, length=13, elements={
0x000002b8411bfa80, 0x000002b85f145e60, 0x000002b85f147b40, 0x000002b85f14b220,
0x000002b85f14db60, 0x000002b85f14ec40, 0x000002b85f1506c0, 0x000002b85f1586d0,
0x000002b85f162c80, 0x000002b85f16b600, 0x000002b85f119e60, 0x000002b8640f1fb0,
0x000002b8640f24f0
}

Java Threads: ( => current thread )
  0x000002b8411bfa80 JavaThread "main" [_thread_in_native, id=12020, stack(0x000000fc02c00000,0x000000fc02d00000)]
  0x000002b85f145e60 JavaThread "Reference Handler" daemon [_thread_blocked, id=8792, stack(0x000000fc03300000,0x000000fc03400000)]
  0x000002b85f147b40 JavaThread "Finalizer" daemon [_thread_blocked, id=1648, stack(0x000000fc03400000,0x000000fc03500000)]
  0x000002b85f14b220 JavaThread "Signal Dispatcher" daemon [_thread_blocked, id=8280, stack(0x000000fc03500000,0x000000fc03600000)]
  0x000002b85f14db60 JavaThread "Attach Listener" daemon [_thread_blocked, id=12340, stack(0x000000fc03600000,0x000000fc03700000)]
  0x000002b85f14ec40 JavaThread "Service Thread" daemon [_thread_blocked, id=12280, stack(0x000000fc03700000,0x000000fc03800000)]
  0x000002b85f1506c0 JavaThread "Monitor Deflation Thread" daemon [_thread_blocked, id=12816, stack(0x000000fc03800000,0x000000fc03900000)]
=>0x000002b85f1586d0 JavaThread "C2 CompilerThread0" daemon [_thread_in_native, id=13012, stack(0x000000fc03900000,0x000000fc03a00000)]
  0x000002b85f162c80 JavaThread "C1 CompilerThread0" daemon [_thread_blocked, id=6164, stack(0x000000fc03a00000,0x000000fc03b00000)]
  0x000002b85f16b600 JavaThread "Sweeper thread" daemon [_thread_blocked, id=6864, stack(0x000000fc03b00000,0x000000fc03c00000)]
  0x000002b85f119e60 JavaThread "Common-Cleaner" daemon [_thread_blocked, id=1472, stack(0x000000fc03c00000,0x000000fc03d00000)]
  0x000002b8640f1fb0 JavaThread "Monitor Ctrl-Break" daemon [_thread_in_native, id=11056, stack(0x000000fc03e00000,0x000000fc03f00000)]
  0x000002b8640f24f0 JavaThread "Notification Thread" daemon [_thread_blocked, id=12532, stack(0x000000fc03f00000,0x000000fc04000000)]

Other Threads:
  0x000002b85f129b80 VMThread "VM Thread" [stack: 0x000000fc03200000,0x000000fc03300000] [id=13048]
  0x000002b863e830b0 WatcherThread "VM Periodic Task Thread" [stack: 0x000000fc04000000,0x000000fc04100000] [id=10052]
  0x000002b84121d5f0 WorkerThread "GC Thread#0" [stack: 0x000000fc02d00000,0x000000fc02e00000] [id=10024]
  0x000002b84122f440 ConcurrentGCThread "G1 Main Marker" [stack: 0x000000fc02e00000,0x000000fc02f00000] [id=4872]
  0x000002b841230610 WorkerThread "G1 Conc#0" [stack: 0x000000fc02f00000,0x000000fc03000000] [id=13064]
  0x000002b85efe50d0 ConcurrentGCThread "G1 Refine#0" [stack: 0x000000fc03000000,0x000000fc03100000] [id=7968]
  0x000002b85efe5c10 ConcurrentGCThread "G1 Service" [stack: 0x000000fc03100000,0x000000fc03200000] [id=6472]

Threads with active compile tasks:
C2 CompilerThread0      688  243       4       java.util.stream.ReferencePipeline$3$1::accept (23 bytes)

VM state: not at safepoint (normal execution)

VM Mutex/Monitor currently owned by a thread: None

Heap address: 0x0000000081600000, size: 2026 MB, Compressed Oops mode: 32-bit

CDS archive(s) mapped at: [0x0000000800000000-0x0000000800c40000-0x0000000800c40000), size 12845056, SharedBaseAddress: 0x0000000800000000, ArchiveRelocationMode: 0.
Compressed class space mapped at: 0x0000000801000000-0x0000000841000000, reserved size: 1073741824
Narrow klass base: 0x0000000800000000, Narrow klass shift: 0, Narrow klass range: 0x100000000

GC Precious Log:
 CardTable entry size: 512
 Card Set container configuration: InlinePtr #cards 5 size 8 Array Of Cards #cards 12 size 40 Howl #buckets 4 coarsen threshold 1843 Howl Bitmap #cards 512 size 80 coarsen threshold 460 Card regions per heap region 1 cards per card region 2048
 CPUs: 4 total, 4 available
 Memory: 8100M
 Large Page Support: Disabled
 NUMA Support: Disabled
 Compressed Oops: Enabled (32-bit)
 Heap Region Size: 1M
 Heap Min Capacity: 8M
 Heap Initial Capacity: 128M
 Heap Max Capacity: 2026M
 Pre-touch: Disabled
 Parallel Workers: 4
 Concurrent Workers: 1
 Concurrent Refinement Workers: 4
 Periodic GC: Disabled

Heap:
 garbage-first heap   total 131072K, used 9216K [0x0000000081600000, 0x0000000100000000)
  region size 1024K, 11 young (11264K), 0 survivors (0K)
 Metaspace       used 2461K, committed 2624K, reserved 1114112K
  class space    used 248K, committed 320K, reserved 1048576K

Heap Regions: E=young(eden), S=young(survivor), O=old, HS=humongous(starts), HC=humongous(continues), CS=collection set, F=free, OA=open archive, CA=closed archive, TAMS=top-at-mark-start (previous, next)
|   0|0x0000000081600000, 0x0000000081600000, 0x0000000081700000|  0%| F|  |TAMS 0x0000000081600000, 0x0000000081600000| Untracked 
|   1|0x0000000081700000, 0x0000000081700000, 0x0000000081800000|  0%| F|  |TAMS 0x0000000081700000, 0x0000000081700000| Untracked 
|   2|0x0000000081800000, 0x0000000081800000, 0x0000000081900000|  0%| F|  |TAMS 0x0000000081800000, 0x0000000081800000| Untracked 
|   3|0x0000000081900000, 0x0000000081900000, 0x0000000081a00000|  0%| F|  |TAMS 0x0000000081900000, 0x0000000081900000| Untracked 
|   4|0x0000000081a00000, 0x0000000081a00000, 0x0000000081b00000|  0%| F|  |TAMS 0x0000000081a00000, 0x0000000081a00000| Untracked 
|   5|0x0000000081b00000, 0x0000000081b00000, 0x0000000081c00000|  0%| F|  |TAMS 0x0000000081b00000, 0x0000000081b00000| Untracked 
|   6|0x0000000081c00000, 0x0000000081c00000, 0x0000000081d00000|  0%| F|  |TAMS 0x0000000081c00000, 0x0000000081c00000| Untracked 
|   7|0x0000000081d00000, 0x0000000081d00000, 0x0000000081e00000|  0%| F|  |TAMS 0x0000000081d00000, 0x0000000081d00000| Untracked 
|   8|0x0000000081e00000, 0x0000000081e00000, 0x0000000081f00000|  0%| F|  |TAMS 0x0000000081e00000, 0x0000000081e00000| Untracked 
|   9|0x0000000081f00000, 0x0000000081f00000, 0x0000000082000000|  0%| F|  |TAMS 0x0000000081f00000, 0x0000000081f00000| Untracked 
|  10|0x0000000082000000, 0x0000000082000000, 0x0000000082100000|  0%| F|  |TAMS 0x0000000082000000, 0x0000000082000000| Untracked 
|  11|0x0000000082100000, 0x0000000082100000, 0x0000000082200000|  0%| F|  |TAMS 0x0000000082100000, 0x0000000082100000| Untracked 
|  12|0x0000000082200000, 0x0000000082200000, 0x0000000082300000|  0%| F|  |TAMS 0x0000000082200000, 0x0000000082200000| Untracked 
|  13|0x0000000082300000, 0x0000000082300000, 0x0000000082400000|  0%| F|  |TAMS 0x0000000082300000, 0x0000000082300000| Untracked 
|  14|0x0000000082400000, 0x0000000082400000, 0x0000000082500000|  0%| F|  |TAMS 0x0000000082400000, 0x0000000082400000| Untracked 
|  15|0x0000000082500000, 0x0000000082500000, 0x0000000082600000|  0%| F|  |TAMS 0x0000000082500000, 0x0000000082500000| Untracked 
|  16|0x0000000082600000, 0x0000000082600000, 0x0000000082700000|  0%| F|  |TAMS 0x0000000082600000, 0x0000000082600000| Untracked 
|  17|0x0000000082700000, 0x0000000082700000, 0x0000000082800000|  0%| F|  |TAMS 0x0000000082700000, 0x0000000082700000| Untracked 
|  18|0x0000000082800000, 0x0000000082800000, 0x0000000082900000|  0%| F|  |TAMS 0x0000000082800000, 0x0000000082800000| Untracked 
|  19|0x0000000082900000, 0x0000000082900000, 0x0000000082a00000|  0%| F|  |TAMS 0x0000000082900000, 0x0000000082900000| Untracked 
|  20|0x0000000082a00000, 0x0000000082a00000, 0x0000000082b00000|  0%| F|  |TAMS 0x0000000082a00000, 0x0000000082a00000| Untracked 
|  21|0x0000000082b00000, 0x0000000082b00000, 0x0000000082c00000|  0%| F|  |TAMS 0x0000000082b00000, 0x0000000082b00000| Untracked 
|  22|0x0000000082c00000, 0x0000000082c00000, 0x0000000082d00000|  0%| F|  |TAMS 0x0000000082c00000, 0x0000000082c00000| Untracked 
|  23|0x0000000082d00000, 0x0000000082d00000, 0x0000000082e00000|  0%| F|  |TAMS 0x0000000082d00000, 0x0000000082d00000| Untracked 
|  24|0x0000000082e00000, 0x0000000082e00000, 0x0000000082f00000|  0%| F|  |TAMS 0x0000000082e00000, 0x0000000082e00000| Untracked 
|  25|0x0000000082f00000, 0x0000000082f00000, 0x0000000083000000|  0%| F|  |TAMS 0x0000000082f00000, 0x0000000082f00000| Untracked 
|  26|0x0000000083000000, 0x0000000083000000, 0x0000000083100000|  0%| F|  |TAMS 0x0000000083000000, 0x0000000083000000| Untracked 
|  27|0x0000000083100000, 0x0000000083100000, 0x0000000083200000|  0%| F|  |TAMS 0x0000000083100000, 0x0000000083100000| Untracked 
|  28|0x0000000083200000, 0x0000000083200000, 0x0000000083300000|  0%| F|  |TAMS 0x0000000083200000, 0x0000000083200000| Untracked 
|  29|0x0000000083300000, 0x0000000083300000, 0x0000000083400000|  0%| F|  |TAMS 0x0000000083300000, 0x0000000083300000| Untracked 
|  30|0x0000000083400000, 0x0000000083400000, 0x0000000083500000|  0%| F|  |TAMS 0x0000000083400000, 0x0000000083400000| Untracked 
|  31|0x0000000083500000, 0x0000000083500000, 0x0000000083600000|  0%| F|  |TAMS 0x0000000083500000, 0x0000000083500000| Untracked 
|  32|0x0000000083600000, 0x0000000083600000, 0x0000000083700000|  0%| F|  |TAMS 0x0000000083600000, 0x0000000083600000| Untracked 
|  33|0x0000000083700000, 0x0000000083700000, 0x0000000083800000|  0%| F|  |TAMS 0x0000000083700000, 0x0000000083700000| Untracked 
|  34|0x0000000083800000, 0x0000000083800000, 0x0000000083900000|  0%| F|  |TAMS 0x0000000083800000, 0x0000000083800000| Untracked 
|  35|0x0000000083900000, 0x0000000083900000, 0x0000000083a00000|  0%| F|  |TAMS 0x0000000083900000, 0x0000000083900000| Untracked 
|  36|0x0000000083a00000, 0x0000000083a00000, 0x0000000083b00000|  0%| F|  |TAMS 0x0000000083a00000, 0x0000000083a00000| Untracked 
|  37|0x0000000083b00000, 0x0000000083b00000, 0x0000000083c00000|  0%| F|  |TAMS 0x0000000083b00000, 0x0000000083b00000| Untracked 
|  38|0x0000000083c00000, 0x0000000083c00000, 0x0000000083d00000|  0%| F|  |TAMS 0x0000000083c00000, 0x0000000083c00000| Untracked 
|  39|0x0000000083d00000, 0x0000000083d00000, 0x0000000083e00000|  0%| F|  |TAMS 0x0000000083d00000, 0x0000000083d00000| Untracked 
|  40|0x0000000083e00000, 0x0000000083e00000, 0x0000000083f00000|  0%| F|  |TAMS 0x0000000083e00000, 0x0000000083e00000| Untracked 
|  41|0x0000000083f00000, 0x0000000083f00000, 0x0000000084000000|  0%| F|  |TAMS 0x0000000083f00000, 0x0000000083f00000| Untracked 
|  42|0x0000000084000000, 0x0000000084000000, 0x0000000084100000|  0%| F|  |TAMS 0x0000000084000000, 0x0000000084000000| Untracked 
|  43|0x0000000084100000, 0x0000000084100000, 0x0000000084200000|  0%| F|  |TAMS 0x0000000084100000, 0x0000000084100000| Untracked 
|  44|0x0000000084200000, 0x0000000084200000, 0x0000000084300000|  0%| F|  |TAMS 0x0000000084200000, 0x0000000084200000| Untracked 
|  45|0x0000000084300000, 0x0000000084300000, 0x0000000084400000|  0%| F|  |TAMS 0x0000000084300000, 0x0000000084300000| Untracked 
|  46|0x0000000084400000, 0x0000000084400000, 0x0000000084500000|  0%| F|  |TAMS 0x0000000084400000, 0x0000000084400000| Untracked 
|  47|0x0000000084500000, 0x0000000084500000, 0x0000000084600000|  0%| F|  |TAMS 0x0000000084500000, 0x0000000084500000| Untracked 
|  48|0x0000000084600000, 0x0000000084600000, 0x0000000084700000|  0%| F|  |TAMS 0x0000000084600000, 0x0000000084600000| Untracked 
|  49|0x0000000084700000, 0x0000000084700000, 0x0000000084800000|  0%| F|  |TAMS 0x0000000084700000, 0x0000000084700000| Untracked 
|  50|0x0000000084800000, 0x0000000084800000, 0x0000000084900000|  0%| F|  |TAMS 0x0000000084800000, 0x0000000084800000| Untracked 
|  51|0x0000000084900000, 0x0000000084900000, 0x0000000084a00000|  0%| F|  |TAMS 0x0000000084900000, 0x0000000084900000| Untracked 
|  52|0x0000000084a00000, 0x0000000084a00000, 0x0000000084b00000|  0%| F|  |TAMS 0x0000000084a00000, 0x0000000084a00000| Untracked 
|  53|0x0000000084b00000, 0x0000000084b00000, 0x0000000084c00000|  0%| F|  |TAMS 0x0000000084b00000, 0x0000000084b00000| Untracked 
|  54|0x0000000084c00000, 0x0000000084c00000, 0x0000000084d00000|  0%| F|  |TAMS 0x0000000084c00000, 0x0000000084c00000| Untracked 
|  55|0x0000000084d00000, 0x0000000084d00000, 0x0000000084e00000|  0%| F|  |TAMS 0x0000000084d00000, 0x0000000084d00000| Untracked 
|  56|0x0000000084e00000, 0x0000000084e00000, 0x0000000084f00000|  0%| F|  |TAMS 0x0000000084e00000, 0x0000000084e00000| Untracked 
|  57|0x0000000084f00000, 0x0000000084f00000, 0x0000000085000000|  0%| F|  |TAMS 0x0000000084f00000, 0x0000000084f00000| Untracked 
|  58|0x0000000085000000, 0x0000000085000000, 0x0000000085100000|  0%| F|  |TAMS 0x0000000085000000, 0x0000000085000000| Untracked 
|  59|0x0000000085100000, 0x0000000085100000, 0x0000000085200000|  0%| F|  |TAMS 0x0000000085100000, 0x0000000085100000| Untracked 
|  60|0x0000000085200000, 0x0000000085200000, 0x0000000085300000|  0%| F|  |TAMS 0x0000000085200000, 0x0000000085200000| Untracked 
|  61|0x0000000085300000, 0x0000000085300000, 0x0000000085400000|  0%| F|  |TAMS 0x0000000085300000, 0x0000000085300000| Untracked 
|  62|0x0000000085400000, 0x0000000085400000, 0x0000000085500000|  0%| F|  |TAMS 0x0000000085400000, 0x0000000085400000| Untracked 
|  63|0x0000000085500000, 0x0000000085500000, 0x0000000085600000|  0%| F|  |TAMS 0x0000000085500000, 0x0000000085500000| Untracked 
|  64|0x0000000085600000, 0x0000000085600000, 0x0000000085700000|  0%| F|  |TAMS 0x0000000085600000, 0x0000000085600000| Untracked 
|  65|0x0000000085700000, 0x0000000085700000, 0x0000000085800000|  0%| F|  |TAMS 0x0000000085700000, 0x0000000085700000| Untracked 
|  66|0x0000000085800000, 0x0000000085800000, 0x0000000085900000|  0%| F|  |TAMS 0x0000000085800000, 0x0000000085800000| Untracked 
|  67|0x0000000085900000, 0x0000000085900000, 0x0000000085a00000|  0%| F|  |TAMS 0x0000000085900000, 0x0000000085900000| Untracked 
|  68|0x0000000085a00000, 0x0000000085a00000, 0x0000000085b00000|  0%| F|  |TAMS 0x0000000085a00000, 0x0000000085a00000| Untracked 
|  69|0x0000000085b00000, 0x0000000085b00000, 0x0000000085c00000|  0%| F|  |TAMS 0x0000000085b00000, 0x0000000085b00000| Untracked 
|  70|0x0000000085c00000, 0x0000000085c00000, 0x0000000085d00000|  0%| F|  |TAMS 0x0000000085c00000, 0x0000000085c00000| Untracked 
|  71|0x0000000085d00000, 0x0000000085d00000, 0x0000000085e00000|  0%| F|  |TAMS 0x0000000085d00000, 0x0000000085d00000| Untracked 
|  72|0x0000000085e00000, 0x0000000085e00000, 0x0000000085f00000|  0%| F|  |TAMS 0x0000000085e00000, 0x0000000085e00000| Untracked 
|  73|0x0000000085f00000, 0x0000000085f00000, 0x0000000086000000|  0%| F|  |TAMS 0x0000000085f00000, 0x0000000085f00000| Untracked 
|  74|0x0000000086000000, 0x0000000086000000, 0x0000000086100000|  0%| F|  |TAMS 0x0000000086000000, 0x0000000086000000| Untracked 
|  75|0x0000000086100000, 0x0000000086100000, 0x0000000086200000|  0%| F|  |TAMS 0x0000000086100000, 0x0000000086100000| Untracked 
|  76|0x0000000086200000, 0x0000000086200000, 0x0000000086300000|  0%| F|  |TAMS 0x0000000086200000, 0x0000000086200000| Untracked 
|  77|0x0000000086300000, 0x0000000086300000, 0x0000000086400000|  0%| F|  |TAMS 0x0000000086300000, 0x0000000086300000| Untracked 
|  78|0x0000000086400000, 0x0000000086400000, 0x0000000086500000|  0%| F|  |TAMS 0x0000000086400000, 0x0000000086400000| Untracked 
|  79|0x0000000086500000, 0x0000000086500000, 0x0000000086600000|  0%| F|  |TAMS 0x0000000086500000, 0x0000000086500000| Untracked 
|  80|0x0000000086600000, 0x0000000086600000, 0x0000000086700000|  0%| F|  |TAMS 0x0000000086600000, 0x0000000086600000| Untracked 
|  81|0x0000000086700000, 0x0000000086700000, 0x0000000086800000|  0%| F|  |TAMS 0x0000000086700000, 0x0000000086700000| Untracked 
|  82|0x0000000086800000, 0x0000000086800000, 0x0000000086900000|  0%| F|  |TAMS 0x0000000086800000, 0x0000000086800000| Untracked 
|  83|0x0000000086900000, 0x0000000086900000, 0x0000000086a00000|  0%| F|  |TAMS 0x0000000086900000, 0x0000000086900000| Untracked 
|  84|0x0000000086a00000, 0x0000000086a00000, 0x0000000086b00000|  0%| F|  |TAMS 0x0000000086a00000, 0x0000000086a00000| Untracked 
|  85|0x0000000086b00000, 0x0000000086b00000, 0x0000000086c00000|  0%| F|  |TAMS 0x0000000086b00000, 0x0000000086b00000| Untracked 
|  86|0x0000000086c00000, 0x0000000086c00000, 0x0000000086d00000|  0%| F|  |TAMS 0x0000000086c00000, 0x0000000086c00000| Untracked 
|  87|0x0000000086d00000, 0x0000000086d00000, 0x0000000086e00000|  0%| F|  |TAMS 0x0000000086d00000, 0x0000000086d00000| Untracked 
|  88|0x0000000086e00000, 0x0000000086e00000, 0x0000000086f00000|  0%| F|  |TAMS 0x0000000086e00000, 0x0000000086e00000| Untracked 
|  89|0x0000000086f00000, 0x0000000086f00000, 0x0000000087000000|  0%| F|  |TAMS 0x0000000086f00000, 0x0000000086f00000| Untracked 
|  90|0x0000000087000000, 0x0000000087000000, 0x0000000087100000|  0%| F|  |TAMS 0x0000000087000000, 0x0000000087000000| Untracked 
|  91|0x0000000087100000, 0x0000000087100000, 0x0000000087200000|  0%| F|  |TAMS 0x0000000087100000, 0x0000000087100000| Untracked 
|  92|0x0000000087200000, 0x0000000087200000, 0x0000000087300000|  0%| F|  |TAMS 0x0000000087200000, 0x0000000087200000| Untracked 
|  93|0x0000000087300000, 0x0000000087300000, 0x0000000087400000|  0%| F|  |TAMS 0x0000000087300000, 0x0000000087300000| Untracked 
|  94|0x0000000087400000, 0x0000000087400000, 0x0000000087500000|  0%| F|  |TAMS 0x0000000087400000, 0x0000000087400000| Untracked 
|  95|0x0000000087500000, 0x0000000087500000, 0x0000000087600000|  0%| F|  |TAMS 0x0000000087500000, 0x0000000087500000| Untracked 
|  96|0x0000000087600000, 0x0000000087600000, 0x0000000087700000|  0%| F|  |TAMS 0x0000000087600000, 0x0000000087600000| Untracked 
|  97|0x0000000087700000, 0x0000000087700000, 0x0000000087800000|  0%| F|  |TAMS 0x0000000087700000, 0x0000000087700000| Untracked 
|  98|0x0000000087800000, 0x0000000087800000, 0x0000000087900000|  0%| F|  |TAMS 0x0000000087800000, 0x0000000087800000| Untracked 
|  99|0x0000000087900000, 0x0000000087900000, 0x0000000087a00000|  0%| F|  |TAMS 0x0000000087900000, 0x0000000087900000| Untracked 
| 100|0x0000000087a00000, 0x0000000087a00000, 0x0000000087b00000|  0%| F|  |TAMS 0x0000000087a00000, 0x0000000087a00000| Untracked 
| 101|0x0000000087b00000, 0x0000000087b00000, 0x0000000087c00000|  0%| F|  |TAMS 0x0000000087b00000, 0x0000000087b00000| Untracked 
| 102|0x0000000087c00000, 0x0000000087c00000, 0x0000000087d00000|  0%| F|  |TAMS 0x0000000087c00000, 0x0000000087c00000| Untracked 
| 103|0x0000000087d00000, 0x0000000087d00000, 0x0000000087e00000|  0%| F|  |TAMS 0x0000000087d00000, 0x0000000087d00000| Untracked 
| 104|0x0000000087e00000, 0x0000000087e00000, 0x0000000087f00000|  0%| F|  |TAMS 0x0000000087e00000, 0x0000000087e00000| Untracked 
| 105|0x0000000087f00000, 0x0000000087f00000, 0x0000000088000000|  0%| F|  |TAMS 0x0000000087f00000, 0x0000000087f00000| Untracked 
| 106|0x0000000088000000, 0x0000000088000000, 0x0000000088100000|  0%| F|  |TAMS 0x0000000088000000, 0x0000000088000000| Untracked 
| 107|0x0000000088100000, 0x0000000088100000, 0x0000000088200000|  0%| F|  |TAMS 0x0000000088100000, 0x0000000088100000| Untracked 
| 108|0x0000000088200000, 0x0000000088200000, 0x0000000088300000|  0%| F|  |TAMS 0x0000000088200000, 0x0000000088200000| Untracked 
| 109|0x0000000088300000, 0x0000000088300000, 0x0000000088400000|  0%| F|  |TAMS 0x0000000088300000, 0x0000000088300000| Untracked 
| 110|0x0000000088400000, 0x0000000088400000, 0x0000000088500000|  0%| F|  |TAMS 0x0000000088400000, 0x0000000088400000| Untracked 
| 111|0x0000000088500000, 0x0000000088500000, 0x0000000088600000|  0%| F|  |TAMS 0x0000000088500000, 0x0000000088500000| Untracked 
| 112|0x0000000088600000, 0x0000000088600000, 0x0000000088700000|  0%| F|  |TAMS 0x0000000088600000, 0x0000000088600000| Untracked 
| 113|0x0000000088700000, 0x0000000088700000, 0x0000000088800000|  0%| F|  |TAMS 0x0000000088700000, 0x0000000088700000| Untracked 
| 114|0x0000000088800000, 0x0000000088800000, 0x0000000088900000|  0%| F|  |TAMS 0x0000000088800000, 0x0000000088800000| Untracked 
| 115|0x0000000088900000, 0x0000000088900000, 0x0000000088a00000|  0%| F|  |TAMS 0x0000000088900000, 0x0000000088900000| Untracked 
| 116|0x0000000088a00000, 0x0000000088a00000, 0x0000000088b00000|  0%| F|  |TAMS 0x0000000088a00000, 0x0000000088a00000| Untracked 
| 117|0x0000000088b00000, 0x0000000088b8f508, 0x0000000088c00000| 55%| E|  |TAMS 0x0000000088b00000, 0x0000000088b00000| Complete 
| 118|0x0000000088c00000, 0x0000000088d00000, 0x0000000088d00000|100%| E|CS|TAMS 0x0000000088c00000, 0x0000000088c00000| Complete 
| 119|0x0000000088d00000, 0x0000000088e00000, 0x0000000088e00000|100%| E|CS|TAMS 0x0000000088d00000, 0x0000000088d00000| Complete 
| 120|0x0000000088e00000, 0x0000000088f00000, 0x0000000088f00000|100%| E|CS|TAMS 0x0000000088e00000, 0x0000000088e00000| Complete 
| 121|0x0000000088f00000, 0x0000000089000000, 0x0000000089000000|100%| E|CS|TAMS 0x0000000088f00000, 0x0000000088f00000| Complete 
| 122|0x0000000089000000, 0x0000000089100000, 0x0000000089100000|100%| E|CS|TAMS 0x0000000089000000, 0x0000000089000000| Complete 
| 123|0x0000000089100000, 0x0000000089200000, 0x0000000089200000|100%| E|CS|TAMS 0x0000000089100000, 0x0000000089100000| Complete 
| 124|0x0000000089200000, 0x0000000089300000, 0x0000000089300000|100%| E|CS|TAMS 0x0000000089200000, 0x0000000089200000| Complete 
| 125|0x0000000089300000, 0x0000000089400000, 0x0000000089400000|100%| E|  |TAMS 0x0000000089300000, 0x0000000089300000| Complete 
| 126|0x0000000089400000, 0x0000000089500000, 0x0000000089500000|100%| E|CS|TAMS 0x0000000089400000, 0x0000000089400000| Complete 
| 127|0x0000000089500000, 0x0000000089600000, 0x0000000089600000|100%| E|CS|TAMS 0x0000000089500000, 0x0000000089500000| Complete 

Card table byte_map: [0x000002b858530000,0x000002b858930000] _byte_map_base: 0x000002b858125000

Marking Bits (Prev, Next): (CMBitMap*) 0x000002b84121ec30, (CMBitMap*) 0x000002b84121ec70
 Prev Bits: [0x000002b858d30000, 0x000002b85acd8000)
 Next Bits: [0x000002b85ace0000, 0x000002b85cc88000)

Polling page: 0x000002b83f070000

Metaspace:

Usage:
  Non-class:      2.16 MB used.
      Class:    248.74 KB used.
       Both:      2.40 MB used.

Virtual space:
  Non-class space:       64.00 MB reserved,       2.25 MB (  4%) committed,  1 nodes.
      Class space:        1.00 GB reserved,     320.00 KB ( <1%) committed,  1 nodes.
             Both:        1.06 GB reserved,       2.56 MB ( <1%) committed. 

Chunk freelists:
   Non-Class:  3.51 MB
       Class:  3.64 MB
        Both:  7.15 MB

MaxMetaspaceSize: unlimited
CompressedClassSpaceSize: 1.00 GB
Initial GC threshold: 21.00 MB
Current GC threshold: 21.00 MB
CDS: on
MetaspaceReclaimPolicy: balanced
 - commit_granule_bytes: 65536.
 - commit_granule_words: 8192.
 - virtual_space_node_default_size: 8388608.
 - enlarge_chunks_in_place: 1.
 - new_chunks_are_fully_committed: 0.
 - uncommit_free_chunks: 1.
 - use_allocation_guard: 0.


Internal statistics:

num_allocs_failed_limit: 0.
num_arena_births: 98.
num_arena_deaths: 0.
num_vsnodes_births: 2.
num_vsnodes_deaths: 0.
num_space_committed: 41.
num_space_uncommitted: 0.
num_chunks_returned_to_freelist: 0.
num_chunks_taken_from_freelist: 124.
num_chunk_merges: 0.
num_chunk_splits: 89.
num_chunks_enlarged: 59.
num_inconsistent_stats: 0.

CodeHeap 'non-profiled nmethods': size=120000Kb used=219Kb max_used=219Kb free=119780Kb
 bounds [0x000002b850c00000, 0x000002b850e70000, 0x000002b858130000]
CodeHeap 'profiled nmethods': size=120000Kb used=955Kb max_used=955Kb free=119044Kb
 bounds [0x000002b849130000, 0x000002b8493a0000, 0x000002b850660000]
CodeHeap 'non-nmethods': size=5760Kb used=1228Kb max_used=1244Kb free=4531Kb
 bounds [0x000002b850660000, 0x000002b8508d0000, 0x000002b850c00000]
 total_blobs=1063 nmethods=629 adapters=345
 compilation: enabled
              stopped_count=0, restarted_count=0
 full_count=0

Compilation events (20 events):
Event: 0.236 Thread 0x000002b85f162c80  486       3       java.util.WeakHashMap::maskNull (12 bytes)
Event: 0.236 Thread 0x000002b85f162c80 nmethod 486 0x000002b8491dad10 code [0x000002b8491daea0, 0x000002b8491dafd8]
Event: 0.236 Thread 0x000002b85f162c80  487       3       java.util.WeakHashMap::hash (28 bytes)
Event: 0.237 Thread 0x000002b85f162c80 nmethod 487 0x000002b8491db090 code [0x000002b8491db240, 0x000002b8491db428]
Event: 0.237 Thread 0x000002b85f162c80  489       3       java.lang.invoke.LambdaForm::internArgument (85 bytes)
Event: 0.237 Thread 0x000002b85f162c80 nmethod 489 0x000002b8491db510 code [0x000002b8491db6e0, 0x000002b8491dba48]
Event: 0.237 Thread 0x000002b85f162c80  490       3       jdk.internal.org.objectweb.asm.Handler::getExceptionTableLength (21 bytes)
Event: 0.237 Thread 0x000002b85f162c80 nmethod 490 0x000002b8491dbc10 code [0x000002b8491dbdc0, 0x000002b8491dbf58]
Event: 0.238 Thread 0x000002b85f162c80  491       3       jdk.internal.org.objectweb.asm.ClassReader::readUnsignedShort (26 bytes)
Event: 0.239 Thread 0x000002b85f162c80 nmethod 491 0x000002b8491dc090 code [0x000002b8491dc240, 0x000002b8491dc3b8]
Event: 0.239 Thread 0x000002b85f162c80  492       3       jdk.internal.org.objectweb.asm.Type::getArgumentsAndReturnSizes (140 bytes)
Event: 0.240 Thread 0x000002b8634d1200 nmethod 461 0x000002b850c29990 code [0x000002b850c29b40, 0x000002b850c2a0f8]
Event: 0.240 Thread 0x000002b8634d1200  451       4       java.lang.String::isLatin1 (19 bytes)
Event: 0.240 Thread 0x000002b85f162c80 nmethod 492 0x000002b8491dc490 code [0x000002b8491dc880, 0x000002b8491de698]
Event: 0.240 Thread 0x000002b85f162c80  493       1       jdk.internal.org.objectweb.asm.SymbolTable::getMajorVersion (5 bytes)
Event: 0.240 Thread 0x000002b85f162c80 nmethod 493 0x000002b850c2a410 code [0x000002b850c2a5a0, 0x000002b850c2a658]
Event: 0.240 Thread 0x000002b85f162c80  494       1       jdk.internal.loader.BuiltinClassLoader$LoadedModule::loader (5 bytes)
Event: 0.240 Thread 0x000002b85f162c80 nmethod 494 0x000002b850c2a710 code [0x000002b850c2a8a0, 0x000002b850c2a958]
Event: 0.240 Thread 0x000002b8634d1200 nmethod 451 0x000002b850c2aa10 code [0x000002b850c2ab80, 0x000002b850c2ac18]
Event: 0.240 Thread 0x000002b8634d1200  444       4       java.lang.String::charAt (25 bytes)

GC Heap History (0 events):
No events

Dll operation events (8 events):
Event: 0.011 Loaded shared library C:\Program Files\Java\jdk-19\bin\java.dll
Event: 0.020 Loaded shared library C:\Program Files\Java\jdk-19\bin\jsvml.dll
Event: 0.061 Loaded shared library C:\Program Files\Java\jdk-19\bin\net.dll
Event: 0.062 Loaded shared library C:\Program Files\Java\jdk-19\bin\nio.dll
Event: 0.068 Loaded shared library C:\Program Files\Java\jdk-19\bin\zip.dll
Event: 0.175 Loaded shared library C:\Program Files\Java\jdk-19\bin\zip.dll
Event: 0.182 Loaded shared library C:\Program Files\Java\jdk-19\bin\instrument.dll
Event: 0.197 Loaded shared library C:\Program Files\JetBrains\IntelliJ IDEA Community Edition 2023.1\bin\breakgen64.dll

Deoptimization events (20 events):
Event: 0.125 Thread 0x000002b8411bfa80 Uncommon trap: trap_request=0xffffff45 fr.pc=0x000002b850c0d21c relative=0x000000000000055c
Event: 0.125 Thread 0x000002b8411bfa80 Uncommon trap: reason=unstable_if action=reinterpret pc=0x000002b850c0d21c method=java.lang.StringLatin1.replace([BCC)Ljava/lang/String; @ 19 c2
Event: 0.126 Thread 0x000002b8411bfa80 DEOPT PACKING pc=0x000002b850c0d21c sp=0x000000fc02cfe010
Event: 0.126 Thread 0x000002b8411bfa80 DEOPT UNPACKING pc=0x000002b8506c6da3 sp=0x000000fc02cfdf90 mode 2
Event: 0.166 Thread 0x000002b8411bfa80 Uncommon trap: trap_request=0xffffff45 fr.pc=0x000002b850c10414 relative=0x00000000000004d4
Event: 0.166 Thread 0x000002b8411bfa80 Uncommon trap: reason=unstable_if action=reinterpret pc=0x000002b850c10414 method=java.lang.StringLatin1.newString([BII)Ljava/lang/String; @ 1 c2
Event: 0.166 Thread 0x000002b8411bfa80 DEOPT PACKING pc=0x000002b850c10414 sp=0x000000fc02cfe770
Event: 0.166 Thread 0x000002b8411bfa80 DEOPT UNPACKING pc=0x000002b8506c6da3 sp=0x000000fc02cfe6d0 mode 2
Event: 0.166 Thread 0x000002b8411bfa80 Uncommon trap: trap_request=0xffffff45 fr.pc=0x000002b850c0fb1c relative=0x00000000000003fc
Event: 0.166 Thread 0x000002b8411bfa80 Uncommon trap: reason=unstable_if action=reinterpret pc=0x000002b850c0fb1c method=java.lang.StringLatin1.newString([BII)Ljava/lang/String; @ 1 c2
Event: 0.166 Thread 0x000002b8411bfa80 DEOPT PACKING pc=0x000002b850c0fb1c sp=0x000000fc02cfe6f0
Event: 0.166 Thread 0x000002b8411bfa80 DEOPT UNPACKING pc=0x000002b8506c6da3 sp=0x000000fc02cfe6d0 mode 2
Event: 0.198 Thread 0x000002b8411bfa80 Uncommon trap: trap_request=0xffffff45 fr.pc=0x000002b850c095fc relative=0x000000000000005c
Event: 0.199 Thread 0x000002b8411bfa80 Uncommon trap: reason=unstable_if action=reinterpret pc=0x000002b850c095fc method=java.lang.String.isLatin1()Z @ 10 c2
Event: 0.199 Thread 0x000002b8411bfa80 DEOPT PACKING pc=0x000002b850c095fc sp=0x000000fc02cfe220
Event: 0.199 Thread 0x000002b8411bfa80 DEOPT UNPACKING pc=0x000002b8506c6da3 sp=0x000000fc02cfe1b0 mode 2
Event: 0.199 Thread 0x000002b8411bfa80 Uncommon trap: trap_request=0xffffff45 fr.pc=0x000002b850c08c48 relative=0x00000000000000a8
Event: 0.199 Thread 0x000002b8411bfa80 Uncommon trap: reason=unstable_if action=reinterpret pc=0x000002b850c08c48 method=java.lang.String.isLatin1()Z @ 10 c2
Event: 0.199 Thread 0x000002b8411bfa80 DEOPT PACKING pc=0x000002b850c08c48 sp=0x000000fc02cfebf0
Event: 0.199 Thread 0x000002b8411bfa80 DEOPT UNPACKING pc=0x000002b8506c6da3 sp=0x000000fc02cfeb30 mode 2

Classes loaded (20 events):
Event: 0.239 Loading class jdk/internal/math/FloatingDecimal$ExceptionalBinaryToASCIIBuffer
Event: 0.239 Loading class jdk/internal/math/FloatingDecimal$BinaryToASCIIConverter
Event: 0.239 Loading class jdk/internal/math/FloatingDecimal$BinaryToASCIIConverter done
Event: 0.239 Loading class jdk/internal/math/FloatingDecimal$ExceptionalBinaryToASCIIBuffer done
Event: 0.239 Loading class jdk/internal/math/FloatingDecimal$BinaryToASCIIBuffer
Event: 0.239 Loading class jdk/internal/math/FloatingDecimal$BinaryToASCIIBuffer done
Event: 0.240 Loading class jdk/internal/math/FloatingDecimal$1
Event: 0.240 Loading class jdk/internal/math/FloatingDecimal$1 done
Event: 0.240 Loading class jdk/internal/math/FloatingDecimal$PreparedASCIIToBinaryBuffer
Event: 0.240 Loading class jdk/internal/math/FloatingDecimal$ASCIIToBinaryConverter
Event: 0.240 Loading class jdk/internal/math/FloatingDecimal$ASCIIToBinaryConverter done
Event: 0.240 Loading class jdk/internal/math/FloatingDecimal$PreparedASCIIToBinaryBuffer done
Event: 0.240 Loading class jdk/internal/math/FloatingDecimal$ASCIIToBinaryBuffer
Event: 0.240 Loading class jdk/internal/math/FloatingDecimal$ASCIIToBinaryBuffer done
Event: 0.240 Loading class java/lang/UnsatisfiedLinkError
Event: 0.240 Loading class java/lang/UnsatisfiedLinkError done
Event: 0.240 Loading class java/security/NoSuchAlgorithmException
Event: 0.240 Loading class java/security/GeneralSecurityException
Event: 0.240 Loading class java/security/GeneralSecurityException done
Event: 0.240 Loading class java/security/NoSuchAlgorithmException done

Classes unloaded (0 events):
No events

Classes redefined (0 events):
No events

Internal exceptions (9 events):
Event: 0.150 Thread 0x000002b8411bfa80 Exception <a 'java/lang/NoSuchMethodError'{0x00000000890bf6e8}: 'void java.lang.invoke.DirectMethodHandle$Holder.invokeVirtual(java.lang.Object, java.lang.Object)'> (0x00000000890bf6e8) 
thrown [s\open\src\hotspot\share\interpreter\linkResolver.cpp, line 774]
Event: 0.190 Thread 0x000002b8411bfa80 Exception <a 'java/lang/NoSuchMethodError'{0x0000000088f72818}: 'void java.lang.invoke.DirectMethodHandle$Holder.invokeStatic(java.lang.Object, java.lang.Object, java.lang.Object)'> (0x0000000088f72818) 
thrown [s\open\src\hotspot\share\interpreter\linkResolver.cpp, line 774]
Event: 0.194 Thread 0x000002b8411bfa80 Exception <a 'java/lang/NoSuchMethodError'{0x0000000088f8a388}: 'java.lang.Object java.lang.invoke.Invokers$Holder.invokeExact_MT(java.lang.Object, java.lang.Object, java.lang.Object, java.lang.Object, java.lang.Object)'> (0x0000000088f8a388) 
thrown [s\open\src\hotspot\share\interpreter\linkResolver.cpp, line 774]
Event: 0.204 Thread 0x000002b8640f1fb0 Exception <a 'java/lang/ClassNotFoundException'{0x0000000088fccd98}: jdk/net/ExtendedSocketOptions> (0x0000000088fccd98) 
thrown [s\open\src\hotspot\share\classfile\systemDictionary.cpp, line 255]
Event: 0.205 Thread 0x000002b8640f1fb0 Exception <a 'java/lang/NoSuchMethodError'{0x0000000088fce748}: 'void java.lang.invoke.DirectMethodHandle$Holder.invokeStatic(java.lang.Object, java.lang.Object)'> (0x0000000088fce748) 
thrown [s\open\src\hotspot\share\interpreter\linkResolver.cpp, line 774]
Event: 0.207 Thread 0x000002b8411bfa80 Exception <a 'java/lang/NoSuchMethodError'{0x0000000088e534f8}: 'java.lang.Object java.lang.invoke.DirectMethodHandle$Holder.invokeStaticInit(java.lang.Object)'> (0x0000000088e534f8) 
thrown [s\open\src\hotspot\share\interpreter\linkResolver.cpp, line 774]
Event: 0.209 Thread 0x000002b8411bfa80 Exception <a 'java/lang/NoSuchMethodError'{0x0000000088e59f88}: 'void java.lang.invoke.DirectMethodHandle$Holder.invokeStatic(java.lang.Object, java.lang.Object, java.lang.Object, java.lang.Object)'> (0x0000000088e59f88) 
thrown [s\open\src\hotspot\share\interpreter\linkResolver.cpp, line 774]
Event: 0.210 Thread 0x000002b8411bfa80 Exception <a 'java/lang/NoSuchMethodError'{0x0000000088e5dee8}: 'void java.lang.invoke.DirectMethodHandle$Holder.invokeSpecial(java.lang.Object, java.lang.Object, java.lang.Object, java.lang.Object, java.lang.Object)'> (0x0000000088e5dee8) 
thrown [s\open\src\hotspot\share\interpreter\linkResolver.cpp, line 774]
Event: 0.213 Thread 0x000002b8411bfa80 Exception <a 'java/lang/NoSuchMethodError'{0x0000000088e70790}: 'java.lang.Object java.lang.invoke.Invokers$Holder.invokeExact_MT(java.lang.Object, java.lang.Object, java.lang.Object, java.lang.Object, java.lang.Object, java.lang.Object)'> (0x0000000088e70790) 
thrown [s\open\src\hotspot\share\interpreter\linkResolver.cpp, line 774]

VM Operations (6 events):
Event: 0.161 Executing VM operation: HandshakeAllThreads
Event: 0.161 Executing VM operation: HandshakeAllThreads done
Event: 0.161 Executing VM operation: HandshakeAllThreads
Event: 0.161 Executing VM operation: HandshakeAllThreads done
Event: 0.201 Executing VM operation: HandshakeAllThreads
Event: 0.201 Executing VM operation: HandshakeAllThreads done

Events (14 events):
Event: 0.020 Thread 0x000002b8411bfa80 Thread added: 0x000002b8411bfa80
Event: 0.031 Thread 0x000002b85f145e60 Thread added: 0x000002b85f145e60
Event: 0.031 Thread 0x000002b85f147b40 Thread added: 0x000002b85f147b40
Event: 0.031 Thread 0x000002b85f14b220 Thread added: 0x000002b85f14b220
Event: 0.031 Thread 0x000002b85f14db60 Thread added: 0x000002b85f14db60
Event: 0.031 Thread 0x000002b85f14ec40 Thread added: 0x000002b85f14ec40
Event: 0.032 Thread 0x000002b85f1506c0 Thread added: 0x000002b85f1506c0
Event: 0.032 Thread 0x000002b85f1586d0 Thread added: 0x000002b85f1586d0
Event: 0.032 Thread 0x000002b85f162c80 Thread added: 0x000002b85f162c80
Event: 0.032 Thread 0x000002b85f16b600 Thread added: 0x000002b85f16b600
Event: 0.055 Thread 0x000002b85f119e60 Thread added: 0x000002b85f119e60
Event: 0.095 Thread 0x000002b8634d1200 Thread added: 0x000002b8634d1200
Event: 0.198 Thread 0x000002b8640f1fb0 Thread added: 0x000002b8640f1fb0
Event: 0.198 Thread 0x000002b8640f24f0 Thread added: 0x000002b8640f24f0


Dynamic libraries:
0x00007ff7139e0000 - 0x00007ff7139f0000 	C:\Program Files\Java\jdk-19\bin\java.exe
0x00007ff9b2c30000 - 0x00007ff9b2e28000 	C:\Windows\SYSTEM32\ntdll.dll
0x00007ff9b20c0000 - 0x00007ff9b217f000 	C:\Windows\System32\KERNEL32.DLL
0x00007ff9b0960000 - 0x00007ff9b0c3a000 	C:\Windows\System32\KERNELBASE.dll
0x00007ff9b0460000 - 0x00007ff9b0560000 	C:\Windows\System32\ucrtbase.dll
0x00007ff97f000000 - 0x00007ff97f01b000 	C:\Program Files\Java\jdk-19\bin\VCRUNTIME140.dll
0x00007ff97efe0000 - 0x00007ff97eff8000 	C:\Program Files\Java\jdk-19\bin\jli.dll
0x00007ff9b1cd0000 - 0x00007ff9b1d7e000 	C:\Windows\System32\ADVAPI32.dll
0x00007ff9b2310000 - 0x00007ff9b23ae000 	C:\Windows\System32\msvcrt.dll
0x00007ff9b1790000 - 0x00007ff9b182c000 	C:\Windows\System32\sechost.dll
0x00007ff9b2ac0000 - 0x00007ff9b2be6000 	C:\Windows\System32\RPCRT4.dll
0x00007ff9956f0000 - 0x00007ff99598a000 	C:\Windows\WinSxS\amd64_microsoft.windows.common-controls_6595b64144ccf1df_6.0.19041.1110_none_60b5254171f9507e\COMCTL32.dll
0x00007ff9b1e00000 - 0x00007ff9b1f9d000 	C:\Windows\System32\USER32.dll
0x00007ff9b0c90000 - 0x00007ff9b0cbb000 	C:\Windows\System32\GDI32.dll
0x00007ff9b0740000 - 0x00007ff9b0762000 	C:\Windows\System32\win32u.dll
0x00007ff9b0590000 - 0x00007ff9b06a0000 	C:\Windows\System32\gdi32full.dll
0x00007ff9b06a0000 - 0x00007ff9b073d000 	C:\Windows\System32\msvcp_win.dll
0x00007ff9a2f00000 - 0x00007ff9a2f0a000 	C:\Windows\SYSTEM32\VERSION.dll
0x00007ff9b1830000 - 0x00007ff9b1860000 	C:\Windows\System32\IMM32.DLL
0x00007ff9800d0000 - 0x00007ff9800dc000 	C:\Program Files\Java\jdk-19\bin\vcruntime140_1.dll
0x00007ff97e4d0000 - 0x00007ff97e55e000 	C:\Program Files\Java\jdk-19\bin\msvcp140.dll
0x00007ff943830000 - 0x00007ff9444f0000 	C:\Program Files\Java\jdk-19\bin\server\jvm.dll
0x00007ff99ee10000 - 0x00007ff99ee19000 	C:\Windows\SYSTEM32\WSOCK32.dll
0x00007ff9b22a0000 - 0x00007ff9b230b000 	C:\Windows\System32\WS2_32.dll
0x00007ff99fd70000 - 0x00007ff99fd97000 	C:\Windows\SYSTEM32\WINMM.dll
0x00007ff9ae220000 - 0x00007ff9ae232000 	C:\Windows\SYSTEM32\kernel.appcore.dll
0x00007ff97efd0000 - 0x00007ff97efda000 	C:\Program Files\Java\jdk-19\bin\jimage.dll
0x00007ff992650000 - 0x00007ff992834000 	C:\Windows\SYSTEM32\DBGHELP.DLL
0x00007ff97ce40000 - 0x00007ff97ce74000 	C:\Windows\SYSTEM32\dbgcore.DLL
0x00007ff9b0770000 - 0x00007ff9b07f2000 	C:\Windows\System32\bcryptPrimitives.dll
0x00007ff9abe80000 - 0x00007ff9abe8e000 	C:\Program Files\Java\jdk-19\bin\instrument.dll
0x00007ff9748c0000 - 0x00007ff9748e6000 	C:\Program Files\Java\jdk-19\bin\java.dll
0x00007ff953010000 - 0x00007ff9530e7000 	C:\Program Files\Java\jdk-19\bin\jsvml.dll
0x00007ff9b0cc0000 - 0x00007ff9b1404000 	C:\Windows\System32\SHELL32.dll
0x00007ff9ae420000 - 0x00007ff9aebb3000 	C:\Windows\SYSTEM32\windows.storage.dll
0x00007ff9b1420000 - 0x00007ff9b1774000 	C:\Windows\System32\combase.dll
0x00007ff9afcc0000 - 0x00007ff9afcee000 	C:\Windows\SYSTEM32\Wldp.dll
0x00007ff9b2a10000 - 0x00007ff9b2abd000 	C:\Windows\System32\SHCORE.dll
0x00007ff9b2840000 - 0x00007ff9b2895000 	C:\Windows\System32\shlwapi.dll
0x00007ff9b0280000 - 0x00007ff9b029f000 	C:\Windows\SYSTEM32\profapi.dll
0x00007ff97e1d0000 - 0x00007ff97e1e3000 	C:\Program Files\Java\jdk-19\bin\net.dll
0x00007ff9aaae0000 - 0x00007ff9aabea000 	C:\Windows\SYSTEM32\WINHTTP.dll
0x00007ff9afa20000 - 0x00007ff9afa8a000 	C:\Windows\system32\mswsock.dll
0x00007ff97bad0000 - 0x00007ff97bae6000 	C:\Program Files\Java\jdk-19\bin\nio.dll
0x00007ff9792d0000 - 0x00007ff9792e8000 	C:\Program Files\Java\jdk-19\bin\zip.dll
0x00007ff9abe10000 - 0x00007ff9abe2a000 	C:\Program Files\JetBrains\IntelliJ IDEA Community Edition 2023.1\bin\breakgen64.dll
0x000002b83f350000 - 0x000002b83f353000 	C:\Users\Administrator\.openjfx\cache\19+11\amd64\api-ms-win-core-console-l1-1-0.dll
0x000002b83f360000 - 0x000002b83f363000 	C:\Users\Administrator\.openjfx\cache\19+11\amd64\api-ms-win-core-console-l1-2-0.dll
0x000002b841110000 - 0x000002b841113000 	C:\Users\Administrator\.openjfx\cache\19+11\amd64\api-ms-win-core-datetime-l1-1-0.dll
0x000002b841120000 - 0x000002b841123000 	C:\Users\Administrator\.openjfx\cache\19+11\amd64\api-ms-win-core-debug-l1-1-0.dll
0x000002b841130000 - 0x000002b841133000 	C:\Users\Administrator\.openjfx\cache\19+11\amd64\api-ms-win-core-errorhandling-l1-1-0.dll
0x000002b841140000 - 0x000002b841144000 	C:\Users\Administrator\.openjfx\cache\19+11\amd64\api-ms-win-core-file-l1-1-0.dll
0x000002b841150000 - 0x000002b841153000 	C:\Users\Administrator\.openjfx\cache\19+11\amd64\api-ms-win-core-file-l1-2-0.dll
0x000002b841160000 - 0x000002b841163000 	C:\Users\Administrator\.openjfx\cache\19+11\amd64\api-ms-win-core-file-l2-1-0.dll
0x000002b841170000 - 0x000002b841173000 	C:\Users\Administrator\.openjfx\cache\19+11\amd64\api-ms-win-core-handle-l1-1-0.dll
0x000002b841180000 - 0x000002b841183000 	C:\Users\Administrator\.openjfx\cache\19+11\amd64\api-ms-win-core-heap-l1-1-0.dll
0x000002b85f2c0000 - 0x000002b85f2c3000 	C:\Users\Administrator\.openjfx\cache\19+11\amd64\api-ms-win-core-interlocked-l1-1-0.dll
0x000002b85f2d0000 - 0x000002b85f2d3000 	C:\Users\Administrator\.openjfx\cache\19+11\amd64\api-ms-win-core-libraryloader-l1-1-0.dll
0x000002b85f2e0000 - 0x000002b85f2e3000 	C:\Users\Administrator\.openjfx\cache\19+11\amd64\api-ms-win-core-localization-l1-2-0.dll
0x000002b85f2f0000 - 0x000002b85f2f3000 	C:\Users\Administrator\.openjfx\cache\19+11\amd64\api-ms-win-core-memory-l1-1-0.dll
0x000002b85f300000 - 0x000002b85f303000 	C:\Users\Administrator\.openjfx\cache\19+11\amd64\api-ms-win-core-namedpipe-l1-1-0.dll

dbghelp: loaded successfully - version: 4.0.5 - missing functions: none
symbol engine: initialized successfully - sym options: 0x614 - pdb path: .;C:\Program Files\Java\jdk-19\bin;C:\Windows\SYSTEM32;C:\Windows\WinSxS\amd64_microsoft.windows.common-controls_6595b64144ccf1df_6.0.19041.1110_none_60b5254171f9507e;C:\Program Files\Java\jdk-19\bin\server;C:\Program Files\JetBrains\IntelliJ IDEA Community Edition 2023.1\bin;C:\Users\Administrator\.openjfx\cache\19+11\amd64

VM Arguments:
jvm_args: -javaagent:C:\Program Files\JetBrains\IntelliJ IDEA Community Edition 2023.1\lib\idea_rt.jar=12736:C:\Program Files\JetBrains\IntelliJ IDEA Community Edition 2023.1\bin -Dfile.encoding=UTF-8 -Dsun.stdout.encoding=UTF-8 -Dsun.stderr.encoding=UTF-8 --module-path=C:\Users\Administrator\.m2\repository\org\openjfx\javafx-controls\19\javafx-controls-19-win.jar;C:\Users\Administrator\.m2\repository\org\openjfx\javafx-graphics\19\javafx-graphics-19-win.jar;C:\Users\Administrator\.m2\repository\org\openjfx\javafx-fxml\19\javafx-fxml-19-win.jar;C:\Users\Administrator\.m2\repository\org\openjfx\javafx-base\19\javafx-base-19-win.jar;D:\java application\demo\target\classes -Djdk.module.main=com.example.demo 
java_command: com.example.demo/com.example.demo.App
java_class_path (initial): C:\Users\Administrator\.m2\repository\org\openjfx\javafx-controls\19\javafx-controls-19.jar;C:\Users\Administrator\.m2\repository\org\openjfx\javafx-graphics\19\javafx-graphics-19.jar;C:\Users\Administrator\.m2\repository\org\openjfx\javafx-base\19\javafx-base-19.jar;C:\Users\Administrator\.m2\repository\org\openjfx\javafx-fxml\19\javafx-fxml-19.jar
Launcher Type: SUN_STANDARD

[Global flags]
     intx CICompilerCount                          = 3                                         {product} {ergonomic}
     uint ConcGCThreads                            = 1                                         {product} {ergonomic}
     uint G1ConcRefinementThreads                  = 4                                         {product} {ergonomic}
   size_t G1HeapRegionSize                         = 1048576                                   {product} {ergonomic}
    uintx GCDrainStackTargetSize                   = 64                                        {product} {ergonomic}
   size_t InitialHeapSize                          = 134217728                                 {product} {ergonomic}
   size_t MarkStackSize                            = 4194304                                   {product} {ergonomic}
   size_t MaxHeapSize                              = 2124414976                                {product} {ergonomic}
   size_t MaxNewSize                               = 1274019840                                {product} {ergonomic}
   size_t MinHeapDeltaBytes                        = 1048576                                   {product} {ergonomic}
   size_t MinHeapSize                              = 8388608                                   {product} {ergonomic}
    uintx NonNMethodCodeHeapSize                   = 5832780                                {pd product} {ergonomic}
    uintx NonProfiledCodeHeapSize                  = 122912730                              {pd product} {ergonomic}
    uintx ProfiledCodeHeapSize                     = 122912730                              {pd product} {ergonomic}
    uintx ReservedCodeCacheSize                    = 251658240                              {pd product} {ergonomic}
     bool SegmentedCodeCache                       = true                                      {product} {ergonomic}
   size_t SoftMaxHeapSize                          = 2124414976                             {manageable} {ergonomic}
     bool UseCompressedClassPointers               = true                           {product lp64_product} {ergonomic}
     bool UseCompressedOops                        = true                           {product lp64_product} {ergonomic}
     bool UseG1GC                                  = true                                      {product} {ergonomic}
     bool UseLargePagesIndividualAllocation        = false                                  {pd product} {ergonomic}

Logging:
Log output configuration:
 #0: stdout all=warning uptime,level,tags foldmultilines=false
 #1: stderr all=off uptime,level,tags foldmultilines=false

Environment Variables:
PATH=C:\Program Files\Common Files\Oracle\Java\javapath;C:\Program Files (x86)\Common Files\Oracle\Java\javapath;C:\Windows\system32;C:\Windows;C:\Windows\System32\Wbem;C:\Windows\System32\WindowsPowerShell\v1.0\;C:\Windows\System32\OpenSSH\;C:\Program Files\dotnet\;C:\Program Files\Microsoft SQL Server\150\Tools\Binn\;C:\Program Files\Microsoft SQL Server\Client SDK\ODBC\170\Tools\Binn\;C:\Program Files (x86)\Microsoft SQL Server\150\DTS\Binn\;C:\Program Files\Azure Data Studio\bin;C:\Program Files (x86)\Microsoft SQL Server\150\Tools\Binn\;C:\Program Files\Microsoft SQL Server\150\DTS\Binn\;C:\Program Files\Microsoft\Web Platform Installer\;C:\Program Files\MPICH2\bin;C:\Program Files\nodejs\;C:\Program Files\Git\cmd;C:\Program Files (x86)\Common Files\Oracle\Java\javapath;C:\Windows\system32;C:\Windows;C:\Windows\System32\Wbem;C:\Windows\System32\WindowsPowerShell\v1.0\;C:\Windows\System32\OpenSSH\;C:\Program Files\dotnet\;C:\Program Files\Microsoft SQL Server\150\Tools\Binn\;C:\Program Files\Microsoft SQL Server\Client SDK\ODBC\170\Tools\Binn\;C:\Program Files (x86)\Microsoft SQL Server\150\DTS\Binn\;C:\Program Files\Azure Data Studio\bin;C:\Program Files (x86)\Microsoft SQL Server\150\Tools\Binn\;C:\Program Files\Microsoft SQL Server\150\DTS\Binn\;C:\Program Files\nodejs\;C:\Program Files\Microsoft\Web Platform Installer\;C:\Program Files\MPICH2\bin;C:\Program Files (x86)\Common Files\Oracle\Java\javapath;C:\Windows\system32;C:\Windows;C:\Windows\System32\Wbem;C:\Windows\System32\WindowsPowerShell\v1.0\;C:\Windows\System32\OpenSSH\;C:\Program Files\dotnet\;C:\Program Files\Microsoft SQL Server\150\Tools\Binn\;C:\Program Files\Microsoft SQL Server\Client SDK\ODBC\170\Tools\Binn\;C:\Program Files (x86)\Microsoft SQL Serv;C:\Users\Administrator\AppData\Local\Programs\Python\Python39\Scripts;C:\Users\Administrator\AppData\Roaming\npm;C:\src\flutter\bin;C:\Users\Administrator\AppData\Local\Programs\Microsoft VS Code\bin;;C:\Program Files\JetBrains\IntelliJ IDEA Community Edition 2023.1\bin;
USERNAME=El3atty
OS=Windows_NT
PROCESSOR_IDENTIFIER=Intel64 Family 6 Model 94 Stepping 3, GenuineIntel
TMP=C:\Users\ADMINI~1\AppData\Local\Temp
TEMP=C:\Users\ADMINI~1\AppData\Local\Temp



---------------  S Y S T E M  ---------------

OS:
 Windows 10 , 64 bit Build 19041 (10.0.19041.2788)
OS uptime: 0 days 6:11 hours

CPU: total 4 (initial active 4) (4 cores per cpu, 1 threads per core) family 6 model 94 stepping 3 microcode 0xec, cx8, cmov, fxsr, mmx, 3dnowpref, sse, sse2, sse3, ssse3, sse4.1, sse4.2, popcnt, lzcnt, tsc, tscinvbit, avx, avx2, aes, erms, clmul, bmi1, bmi2, adx, fma, vzeroupper, clflush, clflushopt, rdtscp

Memory: 4k page, system-wide physical 8100M (1478M free)
TotalPageFile size 10148M (AvailPageFile size 186M)
current process WorkingSet (physical memory assigned to process): 61M, peak: 61M
current process commit charge ("private bytes"): 219M, peak: 219M

vm_info: Java HotSpot(TM) 64-Bit Server VM (19.0.2+7-44) for windows-amd64 JRE (19.0.2+7-44), built on 2022-11-30T18:02:09Z by "mach5one" with MS VC++ 17.1 (VS2022)

END.
